10-Oct-2020 02:09:23.320 INFO [main] org.apache.catalina.startup.VersionLoggerListener.log Server version name:   Apache Tomcat/8.5.58
10-Oct-2020 02:09:23.323 INFO [main] org.apache.catalina.startup.VersionLoggerListener.log Server built:          Sep 10 2020 21:45:33 UTC
10-Oct-2020 02:09:23.327 INFO [main] org.apache.catalina.startup.VersionLoggerListener.log Server version number: 8.5.58.0
10-Oct-2020 02:09:23.327 INFO [main] org.apache.catalina.startup.VersionLoggerListener.log OS Name:               Windows 10
10-Oct-2020 02:09:23.327 INFO [main] org.apache.catalina.startup.VersionLoggerListener.log OS Version:            10.0
10-Oct-2020 02:09:23.327 INFO [main] org.apache.catalina.startup.VersionLoggerListener.log Architecture:          amd64
10-Oct-2020 02:09:23.327 INFO [main] org.apache.catalina.startup.VersionLoggerListener.log Java Home:             C:\Program Files\Java\jre1.8.0_111
10-Oct-2020 02:09:23.327 INFO [main] org.apache.catalina.startup.VersionLoggerListener.log JVM Version:           1.8.0_111-b14
10-Oct-2020 02:09:23.327 INFO [main] org.apache.catalina.startup.VersionLoggerListener.log JVM Vendor:            Oracle Corporation
10-Oct-2020 02:09:23.327 INFO [main] org.apache.catalina.startup.VersionLoggerListener.log CATALINA_BASE:         C:\Program Files\Tomcat\apache-tomcat-8.5.58
10-Oct-2020 02:09:23.327 INFO [main] org.apache.catalina.startup.VersionLoggerListener.log CATALINA_HOME:         C:\Program Files\Tomcat\apache-tomcat-8.5.58
10-Oct-2020 02:09:23.328 INFO [main] org.apache.catalina.startup.VersionLoggerListener.log Command line argument: -Djava.util.logging.config.file=C:\Program Files\Tomcat\apache-tomcat-8.5.58\conf\logging.properties
10-Oct-2020 02:09:23.328 INFO [main] org.apache.catalina.startup.VersionLoggerListener.log Command line argument: -Djava.util.logging.manager=org.apache.juli.ClassLoaderLogManager
10-Oct-2020 02:09:23.328 INFO [main] org.apache.catalina.startup.VersionLoggerListener.log Command line argument: -Djdk.tls.ephemeralDHKeySize=2048
10-Oct-2020 02:09:23.328 INFO [main] org.apache.catalina.startup.VersionLoggerListener.log Command line argument: -Djava.protocol.handler.pkgs=org.apache.catalina.webresources
10-Oct-2020 02:09:23.328 INFO [main] org.apache.catalina.startup.VersionLoggerListener.log Command line argument: -Dignore.endorsed.dirs=
10-Oct-2020 02:09:23.328 INFO [main] org.apache.catalina.startup.VersionLoggerListener.log Command line argument: -Dcatalina.base=C:\Program Files\Tomcat\apache-tomcat-8.5.58
10-Oct-2020 02:09:23.329 INFO [main] org.apache.catalina.startup.VersionLoggerListener.log Command line argument: -Dcatalina.home=C:\Program Files\Tomcat\apache-tomcat-8.5.58
10-Oct-2020 02:09:23.329 INFO [main] org.apache.catalina.startup.VersionLoggerListener.log Command line argument: -Djava.io.tmpdir=C:\Program Files\Tomcat\apache-tomcat-8.5.58\temp
10-Oct-2020 02:09:23.329 INFO [main] org.apache.catalina.core.AprLifecycleListener.lifecycleEvent Loaded Apache Tomcat Native library [1.2.25] using APR version [1.7.0].
10-Oct-2020 02:09:23.330 INFO [main] org.apache.catalina.core.AprLifecycleListener.lifecycleEvent APR capabilities: IPv6 [true], sendfile [true], accept filters [false], random [true].
10-Oct-2020 02:09:23.332 INFO [main] org.apache.catalina.core.AprLifecycleListener.lifecycleEvent APR/OpenSSL configuration: useAprConnector [false], useOpenSSL [true]
10-Oct-2020 02:09:23.337 INFO [main] org.apache.catalina.core.AprLifecycleListener.initializeSSL OpenSSL successfully initialized [OpenSSL 1.1.1g  21 Apr 2020]
10-Oct-2020 02:09:23.441 INFO [main] org.apache.coyote.AbstractProtocol.init Initializing ProtocolHandler ["http-nio-8080"]
10-Oct-2020 02:09:23.582 INFO [main] org.apache.tomcat.util.net.NioSelectorPool.getSharedSelector Using a shared selector for servlet write/read
10-Oct-2020 02:09:23.591 INFO [main] org.apache.catalina.startup.Catalina.load Initialization processed in 598 ms
10-Oct-2020 02:09:23.614 INFO [main] org.apache.catalina.core.StandardService.startInternal Starting service [Catalina]
10-Oct-2020 02:09:23.614 INFO [main] org.apache.catalina.core.StandardEngine.startInternal Starting Servlet Engine: Apache Tomcat/8.5.58
10-Oct-2020 02:09:23.624 INFO [localhost-startStop-1] org.apache.catalina.startup.HostConfig.deployDirectory Deploying web application directory [C:\Program Files\Tomcat\apache-tomcat-8.5.58\webapps\docs]
10-Oct-2020 02:09:23.805 INFO [localhost-startStop-1] org.apache.catalina.startup.HostConfig.deployDirectory Deployment of web application directory [C:\Program Files\Tomcat\apache-tomcat-8.5.58\webapps\docs] has finished in [180] ms
10-Oct-2020 02:09:23.805 INFO [localhost-startStop-1] org.apache.catalina.startup.HostConfig.deployDirectory Deploying web application directory [C:\Program Files\Tomcat\apache-tomcat-8.5.58\webapps\examples]
10-Oct-2020 02:09:24.181 INFO [localhost-startStop-1] org.apache.catalina.startup.HostConfig.deployDirectory Deployment of web application directory [C:\Program Files\Tomcat\apache-tomcat-8.5.58\webapps\examples] has finished in [376] ms
10-Oct-2020 02:09:24.181 INFO [localhost-startStop-1] org.apache.catalina.startup.HostConfig.deployDirectory Deploying web application directory [C:\Program Files\Tomcat\apache-tomcat-8.5.58\webapps\host-manager]
10-Oct-2020 02:09:24.207 INFO [localhost-startStop-1] org.apache.catalina.startup.HostConfig.deployDirectory Deployment of web application directory [C:\Program Files\Tomcat\apache-tomcat-8.5.58\webapps\host-manager] has finished in [26] ms
10-Oct-2020 02:09:24.208 INFO [localhost-startStop-1] org.apache.catalina.startup.HostConfig.deployDirectory Deploying web application directory [C:\Program Files\Tomcat\apache-tomcat-8.5.58\webapps\manager]
10-Oct-2020 02:09:24.230 INFO [localhost-startStop-1] org.apache.catalina.startup.HostConfig.deployDirectory Deployment of web application directory [C:\Program Files\Tomcat\apache-tomcat-8.5.58\webapps\manager] has finished in [22] ms
10-Oct-2020 02:09:24.230 INFO [localhost-startStop-1] org.apache.catalina.startup.HostConfig.deployDirectory Deploying web application directory [C:\Program Files\Tomcat\apache-tomcat-8.5.58\webapps\ROOT]
10-Oct-2020 02:09:24.247 INFO [localhost-startStop-1] org.apache.catalina.startup.HostConfig.deployDirectory Deployment of web application directory [C:\Program Files\Tomcat\apache-tomcat-8.5.58\webapps\ROOT] has finished in [17] ms
10-Oct-2020 02:09:24.249 INFO [main] org.apache.coyote.AbstractProtocol.start Starting ProtocolHandler ["http-nio-8080"]
10-Oct-2020 02:09:24.256 INFO [main] org.apache.catalina.startup.Catalina.start Server startup in 664 ms
10-Oct-2020 02:10:41.696 INFO [http-nio-8080-exec-3] org.apache.coyote.http11.Http11Processor.service Error parsing HTTP request header
 Note: further occurrences of HTTP request parsing errors will be logged at DEBUG level.
	java.lang.IllegalArgumentException: Invalid character found in method name [0x160x030x010x020x000x010x000x010xfc0x030x030xae.}0x800xbaw0x9b0xb30xd8Us0xea0xec_0xae_0x080xf20xb2zy0xd2c0x1a0xb30xbd0x0a0xd40x170xfc0xa60x99]. HTTP method names must be tokens
		at org.apache.coyote.http11.Http11InputBuffer.parseRequestLine(Http11InputBuffer.java:427)
		at org.apache.coyote.http11.Http11Processor.service(Http11Processor.java:503)
		at org.apache.coyote.AbstractProcessorLight.process(AbstractProcessorLight.java:65)
		at org.apache.coyote.AbstractProtocol$ConnectionHandler.process(AbstractProtocol.java:818)
		at org.apache.tomcat.util.net.NioEndpoint$SocketProcessor.doRun(NioEndpoint.java:1626)
		at org.apache.tomcat.util.net.SocketProcessorBase.run(SocketProcessorBase.java:49)
		at java.util.concurrent.ThreadPoolExecutor.runWorker(Unknown Source)
		at java.util.concurrent.ThreadPoolExecutor$Worker.run(Unknown Source)
		at org.apache.tomcat.util.threads.TaskThread$WrappingRunnable.run(TaskThread.java:61)
		at java.lang.Thread.run(Unknown Source)
10-Oct-2020 02:33:26.921 INFO [main] org.apache.catalina.startup.VersionLoggerListener.log Server version name:   Apache Tomcat/8.5.58
10-Oct-2020 02:33:26.923 INFO [main] org.apache.catalina.startup.VersionLoggerListener.log Server built:          Sep 10 2020 21:45:33 UTC
10-Oct-2020 02:33:26.923 INFO [main] org.apache.catalina.startup.VersionLoggerListener.log Server version number: 8.5.58.0
10-Oct-2020 02:33:26.923 INFO [main] org.apache.catalina.startup.VersionLoggerListener.log OS Name:               Windows 10
10-Oct-2020 02:33:26.923 INFO [main] org.apache.catalina.startup.VersionLoggerListener.log OS Version:            10.0
10-Oct-2020 02:33:26.923 INFO [main] org.apache.catalina.startup.VersionLoggerListener.log Architecture:          amd64
10-Oct-2020 02:33:26.923 INFO [main] org.apache.catalina.startup.VersionLoggerListener.log Java Home:             C:\Program Files\Java\jre1.8.0_111
10-Oct-2020 02:33:26.924 INFO [main] org.apache.catalina.startup.VersionLoggerListener.log JVM Version:           1.8.0_111-b14
10-Oct-2020 02:33:26.924 INFO [main] org.apache.catalina.startup.VersionLoggerListener.log JVM Vendor:            Oracle Corporation
10-Oct-2020 02:33:26.924 INFO [main] org.apache.catalina.startup.VersionLoggerListener.log CATALINA_BASE:         C:\Program Files\Tomcat\apache-tomcat-8.5.58
10-Oct-2020 02:33:26.924 INFO [main] org.apache.catalina.startup.VersionLoggerListener.log CATALINA_HOME:         C:\Program Files\Tomcat\apache-tomcat-8.5.58
10-Oct-2020 02:33:26.924 INFO [main] org.apache.catalina.startup.VersionLoggerListener.log Command line argument: -Djava.util.logging.config.file=C:\Program Files\Tomcat\apache-tomcat-8.5.58\conf\logging.properties
10-Oct-2020 02:33:26.924 INFO [main] org.apache.catalina.startup.VersionLoggerListener.log Command line argument: -Djava.util.logging.manager=org.apache.juli.ClassLoaderLogManager
10-Oct-2020 02:33:26.924 INFO [main] org.apache.catalina.startup.VersionLoggerListener.log Command line argument: -Djdk.tls.ephemeralDHKeySize=2048
10-Oct-2020 02:33:26.924 INFO [main] org.apache.catalina.startup.VersionLoggerListener.log Command line argument: -Djava.protocol.handler.pkgs=org.apache.catalina.webresources
10-Oct-2020 02:33:26.924 INFO [main] org.apache.catalina.startup.VersionLoggerListener.log Command line argument: -Dignore.endorsed.dirs=
10-Oct-2020 02:33:26.925 INFO [main] org.apache.catalina.startup.VersionLoggerListener.log Command line argument: -Dcatalina.base=C:\Program Files\Tomcat\apache-tomcat-8.5.58
10-Oct-2020 02:33:26.927 INFO [main] org.apache.catalina.startup.VersionLoggerListener.log Command line argument: -Dcatalina.home=C:\Program Files\Tomcat\apache-tomcat-8.5.58
10-Oct-2020 02:33:26.927 INFO [main] org.apache.catalina.startup.VersionLoggerListener.log Command line argument: -Djava.io.tmpdir=C:\Program Files\Tomcat\apache-tomcat-8.5.58\temp
10-Oct-2020 02:33:26.927 INFO [main] org.apache.catalina.core.AprLifecycleListener.lifecycleEvent Loaded Apache Tomcat Native library [1.2.25] using APR version [1.7.0].
10-Oct-2020 02:33:26.928 INFO [main] org.apache.catalina.core.AprLifecycleListener.lifecycleEvent APR capabilities: IPv6 [true], sendfile [true], accept filters [false], random [true].
10-Oct-2020 02:33:26.928 INFO [main] org.apache.catalina.core.AprLifecycleListener.lifecycleEvent APR/OpenSSL configuration: useAprConnector [false], useOpenSSL [true]
10-Oct-2020 02:33:26.934 INFO [main] org.apache.catalina.core.AprLifecycleListener.initializeSSL OpenSSL successfully initialized [OpenSSL 1.1.1g  21 Apr 2020]
10-Oct-2020 02:33:27.024 INFO [main] org.apache.coyote.AbstractProtocol.init Initializing ProtocolHandler ["http-nio-8080"]
10-Oct-2020 02:33:27.032 SEVERE [main] org.apache.catalina.core.StandardService.initInternal Failed to initialize connector [Connector[HTTP/1.1-8080]]
	org.apache.catalina.LifecycleException: Protocol handler initialization failed
		at org.apache.catalina.connector.Connector.initInternal(Connector.java:1077)
		at org.apache.catalina.util.LifecycleBase.init(LifecycleBase.java:136)
		at org.apache.catalina.core.StandardService.initInternal(StandardService.java:552)
		at org.apache.catalina.util.LifecycleBase.init(LifecycleBase.java:136)
		at org.apache.catalina.core.StandardServer.initInternal(StandardServer.java:848)
		at org.apache.catalina.util.LifecycleBase.init(LifecycleBase.java:136)
		at org.apache.catalina.startup.Catalina.load(Catalina.java:639)
		at org.apache.catalina.startup.Catalina.load(Catalina.java:662)
		at sun.reflect.NativeMethodAccessorImpl.invoke0(Native Method)
		at sun.reflect.NativeMethodAccessorImpl.invoke(Unknown Source)
		at sun.reflect.DelegatingMethodAccessorImpl.invoke(Unknown Source)
		at java.lang.reflect.Method.invoke(Unknown Source)
		at org.apache.catalina.startup.Bootstrap.load(Bootstrap.java:302)
		at org.apache.catalina.startup.Bootstrap.main(Bootstrap.java:472)
	Caused by: java.net.BindException: Address already in use: bind
		at sun.nio.ch.Net.bind0(Native Method)
		at sun.nio.ch.Net.bind(Unknown Source)
		at sun.nio.ch.Net.bind(Unknown Source)
		at sun.nio.ch.ServerSocketChannelImpl.bind(Unknown Source)
		at sun.nio.ch.ServerSocketAdaptor.bind(Unknown Source)
		at org.apache.tomcat.util.net.NioEndpoint.bind(NioEndpoint.java:221)
		at org.apache.tomcat.util.net.AbstractEndpoint.init(AbstractEndpoint.java:1118)
		at org.apache.tomcat.util.net.AbstractJsseEndpoint.init(AbstractJsseEndpoint.java:222)
		at org.apache.coyote.AbstractProtocol.init(AbstractProtocol.java:587)
		at org.apache.coyote.http11.AbstractHttp11Protocol.init(AbstractHttp11Protocol.java:75)
		at org.apache.catalina.connector.Connector.initInternal(Connector.java:1075)
		... 13 more
10-Oct-2020 02:33:27.033 INFO [main] org.apache.catalina.startup.Catalina.load Initialization processed in 385 ms
10-Oct-2020 02:33:27.057 INFO [main] org.apache.catalina.core.StandardService.startInternal Starting service [Catalina]
10-Oct-2020 02:33:27.058 INFO [main] org.apache.catalina.core.StandardEngine.startInternal Starting Servlet Engine: Apache Tomcat/8.5.58
10-Oct-2020 02:33:27.067 INFO [localhost-startStop-1] org.apache.catalina.startup.HostConfig.deployDirectory Deploying web application directory [C:\Program Files\Tomcat\apache-tomcat-8.5.58\webapps\docs]
10-Oct-2020 02:33:27.330 INFO [localhost-startStop-1] org.apache.catalina.startup.HostConfig.deployDirectory Deployment of web application directory [C:\Program Files\Tomcat\apache-tomcat-8.5.58\webapps\docs] has finished in [263] ms
10-Oct-2020 02:33:27.330 INFO [localhost-startStop-1] org.apache.catalina.startup.HostConfig.deployDirectory Deploying web application directory [C:\Program Files\Tomcat\apache-tomcat-8.5.58\webapps\examples]
10-Oct-2020 02:33:27.602 INFO [localhost-startStop-1] org.apache.catalina.startup.HostConfig.deployDirectory Deployment of web application directory [C:\Program Files\Tomcat\apache-tomcat-8.5.58\webapps\examples] has finished in [272] ms
10-Oct-2020 02:33:27.602 INFO [localhost-startStop-1] org.apache.catalina.startup.HostConfig.deployDirectory Deploying web application directory [C:\Program Files\Tomcat\apache-tomcat-8.5.58\webapps\host-manager]
10-Oct-2020 02:33:27.636 INFO [localhost-startStop-1] org.apache.catalina.startup.HostConfig.deployDirectory Deployment of web application directory [C:\Program Files\Tomcat\apache-tomcat-8.5.58\webapps\host-manager] has finished in [34] ms
10-Oct-2020 02:33:27.636 INFO [localhost-startStop-1] org.apache.catalina.startup.HostConfig.deployDirectory Deploying web application directory [C:\Program Files\Tomcat\apache-tomcat-8.5.58\webapps\manager]
10-Oct-2020 02:33:27.659 INFO [localhost-startStop-1] org.apache.catalina.startup.HostConfig.deployDirectory Deployment of web application directory [C:\Program Files\Tomcat\apache-tomcat-8.5.58\webapps\manager] has finished in [23] ms
10-Oct-2020 02:33:27.659 INFO [localhost-startStop-1] org.apache.catalina.startup.HostConfig.deployDirectory Deploying web application directory [C:\Program Files\Tomcat\apache-tomcat-8.5.58\webapps\ROOT]
10-Oct-2020 02:33:27.678 INFO [localhost-startStop-1] org.apache.catalina.startup.HostConfig.deployDirectory Deployment of web application directory [C:\Program Files\Tomcat\apache-tomcat-8.5.58\webapps\ROOT] has finished in [19] ms
10-Oct-2020 02:33:27.681 INFO [main] org.apache.catalina.startup.Catalina.start Server startup in 647 ms
10-Oct-2020 02:33:27.685 SEVERE [main] org.apache.catalina.core.StandardServer.await StandardServer.await: create[localhost:8005]: 
	java.net.BindException: Address already in use: JVM_Bind
		at java.net.DualStackPlainSocketImpl.bind0(Native Method)
		at java.net.DualStackPlainSocketImpl.socketBind(Unknown Source)
		at java.net.AbstractPlainSocketImpl.bind(Unknown Source)
		at java.net.PlainSocketImpl.bind(Unknown Source)
		at java.net.ServerSocket.bind(Unknown Source)
		at java.net.ServerSocket.<init>(Unknown Source)
		at org.apache.catalina.core.StandardServer.await(StandardServer.java:421)
		at org.apache.catalina.startup.Catalina.await(Catalina.java:776)
		at org.apache.catalina.startup.Catalina.start(Catalina.java:722)
		at sun.reflect.NativeMethodAccessorImpl.invoke0(Native Method)
		at sun.reflect.NativeMethodAccessorImpl.invoke(Unknown Source)
		at sun.reflect.DelegatingMethodAccessorImpl.invoke(Unknown Source)
		at java.lang.reflect.Method.invoke(Unknown Source)
		at org.apache.catalina.startup.Bootstrap.start(Bootstrap.java:342)
		at org.apache.catalina.startup.Bootstrap.main(Bootstrap.java:473)
10-Oct-2020 02:33:27.686 INFO [main] org.apache.coyote.AbstractProtocol.pause Pausing ProtocolHandler ["http-nio-8080"]
10-Oct-2020 02:33:27.687 INFO [main] org.apache.catalina.core.StandardService.stopInternal Stopping service [Catalina]
10-Oct-2020 02:33:27.701 INFO [main] org.apache.coyote.AbstractProtocol.stop Stopping ProtocolHandler ["http-nio-8080"]
10-Oct-2020 02:33:27.701 INFO [main] org.apache.coyote.AbstractProtocol.destroy Destroying ProtocolHandler ["http-nio-8080"]
10-Oct-2020 02:34:05.962 INFO [localhost-startStop-2] org.apache.catalina.startup.HostConfig.deployWAR Deploying web application archive [C:\Program Files\Tomcat\apache-tomcat-8.5.58\webapps\generatedProject.war]
10-Oct-2020 02:34:06.000 INFO [localhost-startStop-2] org.apache.catalina.startup.HostConfig.deployWAR Deployment of web application archive [C:\Program Files\Tomcat\apache-tomcat-8.5.58\webapps\generatedProject.war] has finished in [38] ms
10-Oct-2020 02:55:22.535 SEVERE [main] org.apache.catalina.startup.Catalina.stopServer Could not contact [localhost:8005]. Tomcat may not be running.
